<?xml version="1.0" encoding="UTF-8"?>
<coverage generated="1570361925788" clover="3.2.0">
  <project timestamp="1570361925788" name="All files">
    <metrics statements="17" coveredstatements="4" conditionals="0" coveredconditionals="0" methods="8" coveredmethods="2" elements="25" coveredelements="6" complexity="0" loc="17" ncloc="17" packages="2" files="3" classes="3">
      <package name="src">
        <metrics statements="14" coveredstatements="1" conditionals="0" coveredconditionals="0" methods="6" coveredmethods="0"/>
        <file name="index.js" path="/home/namur/coding/testdrivenapp/testdrivenapp/services/client/src/index.js">
          <metrics statements="13" coveredstatements="0" conditionals="0" coveredconditionals="0" methods="6" coveredmethods="0"/>
          <line num="1" count="0" type="stmt"/>
          <line num="2" count="0" type="stmt"/>
          <line num="3" count="0" type="stmt"/>
          <line num="5" count="0" type="stmt"/>
          <line num="9" count="0" type="stmt"/>
          <line num="10" count="0" type="stmt"/>
          <line num="16" count="0" type="stmt"/>
          <line num="20" count="0" type="stmt"/>
          <line num="23" count="0" type="stmt"/>
          <line num="26" count="0" type="stmt"/>
          <line num="31" count="0" type="stmt"/>
          <line num="32" count="0" type="stmt"/>
          <line num="50" count="0" type="stmt"/>
        </file>
        <file name="setupTests.js" path="/home/namur/coding/testdrivenapp/testdrivenapp/services/client/src/setupTests.js">
          <metrics statements="1" coveredstatements="1" conditionals="0" coveredconditionals="0" methods="0" coveredmethods="0"/>
          <line num="4" count="1" type="stmt"/>
        </file>
      </package>
      <package name="src.components">
        <metrics statements="3" coveredstatements="3" conditionals="0" coveredconditionals="0" methods="2" coveredmethods="2"/>
        <file name="UsersList.js" path="/home/namur/coding/testdrivenapp/testdrivenapp/services/client/src/components/UsersList.js">
          <metrics statements="3" coveredstatements="3" conditionals="0" coveredconditionals="0" methods="2" coveredmethods="2"/>
          <line num="3" count="1" type="stmt"/>
          <line num="4" count="2" type="stmt"/>
          <line num="7" count="4" type="stmt"/>
        </file>
      </package>
    </metrics>
  </project>
</coverage>
