{"/home/namur/coding/testdrivenapp/testdrivenapp/services/client/src/index.js": {"path":"/home/namur/coding/testdrivenapp/testdrivenapp/services/client/src/index.js","statementMap":{"0":{"start":{"line":1,"column":0},"end":{"line":null,"column":-1}},"1":{"start":{"line":2,"column":0},"end":{"line":null,"column":-1}},"2":{"start":{"line":3,"column":0},"end":{"line":null,"column":-1}},"3":{"start":{"line":5,"column":0},"end":{"line":null,"column":-1}},"4":{"start":{"line":9,"column":4},"end":{"line":null,"column":-1}},"5":{"start":{"line":10,"column":4},"end":{"line":null,"column":-1}},"6":{"start":{"line":16,"column":4},"end":{"line":null,"column":-1}},"7":{"start":{"line":20,"column":4},"end":{"line":null,"column":-1}},"8":{"start":{"line":23,"column":8},"end":{"line":null,"column":-1}},"9":{"start":{"line":26,"column":8},"end":{"line":null,"column":-1}},"10":{"start":{"line":31,"column":4},"end":{"line":null,"column":-1}},"11":{"start":{"line":32,"column":4},"end":{"line":null,"column":-1}},"12":{"start":{"line":50,"column":0},"end":{"line":null,"column":-1}}},"fnMap":{"0":{"name":"(anonymous_0)","decl":{"start":{"line":8,"column":2},"end":{"line":8,"column":12}},"loc":{"start":{"line":8,"column":16},"end":{"line":13,"column":3}}},"1":{"name":"(anonymous_1)","decl":{"start":{"line":15,"column":2},"end":{"line":15,"column":18}},"loc":{"start":{"line":15,"column":22},"end":{"line":17,"column":3}}},"2":{"name":"(anonymous_2)","decl":{"start":{"line":19,"column":2},"end":{"line":19,"column":9}},"loc":{"start":{"line":19,"column":13},"end":{"line":28,"column":3}}},"3":{"name":"(anonymous_3)","decl":{"start":{"line":22,"column":12},"end":{"line":22,"column":14}},"loc":{"start":{"line":22,"column":19},"end":{"line":20,"column":4}}},"4":{"name":"(anonymous_4)","decl":{"start":{"line":25,"column":13},"end":{"line":25,"column":15}},"loc":{"start":{"line":25,"column":20},"end":{"line":20,"column":4}}},"5":{"name":"(anonymous_5)","decl":{"start":{"line":30,"column":2},"end":{"line":30,"column":7}},"loc":{"start":{"line":30,"column":11},"end":{"line":47,"column":3}}}},"branchMap":{},"s":{"0":0,"1":0,"2":0,"3":0,"4":0,"5":0,"6":0,"7":0,"8":0,"9":0,"10":0,"11":0,"12":0},"f":{"0":0,"1":0,"2":0,"3":0,"4":0,"5":0},"b":{}}
,"/home/namur/coding/testdrivenapp/testdrivenapp/services/client/src/setupTests.js": {"path":"/home/namur/coding/testdrivenapp/testdrivenapp/services/client/src/setupTests.js","statementMap":{"0":{"start":{"line":4,"column":0},"end":{"line":4,"column":38}}},"fnMap":{},"branchMap":{},"s":{"0":1},"f":{},"b":{},"_coverageSchema":"332fd63041d2c1bcb487cc26dd0d5f7d97098a6c","hash":"5c69ce77302223a446a9d6688dcead5eac49431a"}
,"/home/namur/coding/testdrivenapp/testdrivenapp/services/client/src/components/UsersList.js": {"path":"/home/namur/coding/testdrivenapp/testdrivenapp/services/client/src/components/UsersList.js","statementMap":{"0":{"start":{"line":3,"column":18},"end":{"line":15,"column":1}},"1":{"start":{"line":4,"column":1},"end":{"line":14,"column":3}},"2":{"start":{"line":7,"column":4},"end":{"line":11,"column":6}}},"fnMap":{"0":{"name":"(anonymous_0)","decl":{"start":{"line":3,"column":18},"end":{"line":3,"column":19}},"loc":{"start":{"line":3,"column":27},"end":{"line":15,"column":1}},"line":3},"1":{"name":"(anonymous_1)","decl":{"start":{"line":6,"column":20},"end":{"line":6,"column":21}},"loc":{"start":{"line":6,"column":28},"end":{"line":12,"column":4}},"line":6}},"branchMap":{},"s":{"0":1,"1":2,"2":4},"f":{"0":2,"1":4},"b":{},"_coverageSchema":"332fd63041d2c1bcb487cc26dd0d5f7d97098a6c","hash":"237200a35f7cacc8e4e088a40f86dc30b2fc9871"}
}
