TN:
SF:/home/namur/coding/testdrivenapp/testdrivenapp/services/client/src/index.js
FN:8,(anonymous_0)
FN:15,(anonymous_1)
FN:19,(anonymous_2)
FN:22,(anonymous_3)
FN:25,(anonymous_4)
FN:30,(anonymous_5)
FNF:6
FNH:0
FNDA:0,(anonymous_0)
FNDA:0,(anonymous_1)
FNDA:0,(anonymous_2)
FNDA:0,(anonymous_3)
FNDA:0,(anonymous_4)
FNDA:0,(anonymous_5)
DA:1,0
DA:2,0
DA:3,0
DA:5,0
DA:9,0
DA:10,0
DA:16,0
DA:20,0
DA:23,0
DA:26,0
DA:31,0
DA:32,0
DA:50,0
LF:13
LH:0
BRF:0
BRH:0
end_of_record
TN:
SF:/home/namur/coding/testdrivenapp/testdrivenapp/services/client/src/setupTests.js
FNF:0
FNH:0
DA:4,1
LF:1
LH:1
BRF:0
BRH:0
end_of_record
TN:
SF:/home/namur/coding/testdrivenapp/testdrivenapp/services/client/src/components/UsersList.js
FN:3,(anonymous_0)
FN:6,(anonymous_1)
FNF:2
FNH:2
FNDA:2,(anonymous_0)
FNDA:4,(anonymous_1)
DA:3,1
DA:4,2
DA:7,4
LF:3
LH:3
BRF:0
BRH:0
end_of_record
